<?xml version="1.0" encoding="UTF-8"?>
<!-- Generated by org.testng.reporters.JUnitReportReporter -->
<testsuite hostname="PLRENT-PF40Y0M9" failures="0" tests="2" name="com.demo.runner.TestRunnerAPI" time="0.472" errors="0" timestamp="2023-06-26T12:45:15 IST" skipped="0">
  <testcase classname="com.demo.runner.TestRunnerAPI" name="runScenario" time="0.029"/>
  <testcase classname="com.demo.runner.TestRunnerAPI" name="runScenario" time="0.443"/>
</testsuite> <!-- com.demo.runner.TestRunnerAPI -->
