<?xml version="1.0" encoding="UTF-8"?>
<!-- Generated by org.testng.reporters.JUnitReportReporter -->
<testsuite hostname="PLRENT-PF40Y0M9" failures="0" tests="2" name="com.demo.runner.TestRunnerAPI" time="0.515" errors="0" timestamp="2023-06-26T12:59:26 IST" skipped="0">
  <testcase classname="com.demo.runner.TestRunnerAPI" name="runScenario" time="0.472"/>
  <testcase classname="com.demo.runner.TestRunnerAPI" name="runScenario" time="0.043"/>
</testsuite> <!-- com.demo.runner.TestRunnerAPI -->
